TN:
SF:src\index.js
FN:22,(anonymous_0)
FN:23,(anonymous_1)
FN:27,(anonymous_2)
FNF:3
FNH:0
FNDA:0,(anonymous_0)
FNDA:0,(anonymous_1)
FNDA:0,(anonymous_2)
DA:10,1
DA:11,1
DA:12,1
DA:13,1
DA:14,1
DA:16,1
DA:17,1
DA:18,1
DA:20,1
DA:21,0
DA:23,0
DA:24,0
DA:28,0
LF:13
LH:9
BRDA:20,0,0,0
BRDA:20,0,1,1
BRF:2
BRH:1
end_of_record
TN:
SF:src\agents\actionAgent.js
FN:3,(anonymous_0)
FN:12,(anonymous_1)
FNF:2
FNH:2
FNDA:3,(anonymous_0)
FNDA:3,(anonymous_1)
DA:3,1
DA:5,3
DA:7,3
DA:8,0
DA:12,3
DA:15,3
DA:21,3
DA:23,3
DA:24,2
DA:25,1
DA:29,1
DA:30,1
DA:37,1
DA:47,1
DA:48,1
DA:53,1
DA:60,1
LF:17
LH:16
BRDA:7,0,0,0
BRDA:7,0,1,3
BRDA:12,1,0,3
BRDA:12,1,1,0
BRDA:15,2,0,3
BRDA:15,2,1,3
BRDA:15,2,2,1
BRDA:15,2,3,1
BRDA:15,2,4,1
BRDA:23,3,0,2
BRDA:23,3,1,1
BRDA:24,4,0,1
BRDA:24,4,1,1
BRDA:27,5,0,1
BRDA:27,5,1,1
BRDA:39,6,0,1
BRDA:39,6,1,1
BRDA:41,7,0,1
BRDA:41,7,1,0
BRDA:43,8,0,1
BRDA:43,8,1,1
BRDA:56,9,0,1
BRDA:56,9,1,0
BRF:23
BRH:19
end_of_record
TN:
SF:src\agents\chatAgent.js
FN:9,(anonymous_0)
FNF:1
FNH:1
FNDA:2,(anonymous_0)
DA:3,1
DA:9,1
DA:10,2
DA:15,2
DA:17,2
DA:18,2
DA:23,1
DA:31,1
DA:32,1
LF:9
LH:9
BRDA:15,0,0,2
BRDA:15,0,1,0
BRF:2
BRH:1
end_of_record
TN:
SF:src\agents\clinicalAgent.js
FN:10,(anonymous_0)
FNF:1
FNH:1
FNDA:2,(anonymous_0)
DA:4,1
DA:10,1
DA:11,2
DA:13,2
DA:21,2
DA:28,2
DA:29,2
DA:34,1
DA:38,1
DA:43,1
DA:44,1
LF:11
LH:11
BRDA:22,0,0,1
BRDA:22,0,1,1
BRDA:23,1,0,2
BRDA:23,1,1,1
BRDA:24,2,0,2
BRDA:24,2,1,2
BRDA:25,3,0,2
BRDA:25,3,1,2
BRF:8
BRH:8
end_of_record
TN:
SF:src\agents\controllerAgent.js
FN:11,(anonymous_0)
FNF:1
FNH:1
FNDA:2,(anonymous_0)
DA:5,1
DA:11,1
DA:12,2
DA:13,2
DA:37,2
DA:38,2
DA:46,1
DA:49,1
DA:51,1
DA:58,1
DA:60,1
LF:11
LH:11
BRDA:33,0,0,2
BRDA:33,0,1,1
BRDA:34,1,0,2
BRDA:34,1,1,2
BRDA:35,2,0,2
BRDA:35,2,1,1
BRF:6
BRH:6
end_of_record
TN:
SF:src\api\routes\auth.route.js
FNF:0
FNH:0
DA:4,1
DA:6,1
DA:7,1
DA:8,1
LF:4
LH:4
BRF:0
BRH:0
end_of_record
TN:
SF:src\api\routes\health.route.js
FNF:0
FNH:0
DA:4,1
DA:6,1
LF:2
LH:2
BRF:0
BRH:0
end_of_record
TN:
SF:src\api\routes\user.route.js
FNF:0
FNH:0
DA:6,1
DA:8,1
LF:2
LH:2
BRF:0
BRH:0
end_of_record
TN:
SF:src\config\env.js
FNF:0
FNH:0
DA:5,1
DA:6,1
LF:2
LH:2
BRF:0
BRH:0
end_of_record
TN:
SF:src\tools\whatsappTool.js
FN:5,(anonymous_0)
FNF:1
FNH:1
FNDA:2,(anonymous_0)
DA:3,1
DA:5,1
DA:6,2
DA:8,2
DA:9,2
DA:10,2
DA:11,0
DA:12,0
DA:15,2
DA:16,2
DA:18,2
DA:19,2
DA:20,2
DA:22,2
DA:28,1
DA:30,1
DA:35,1
DA:37,1
LF:18
LH:16
BRDA:9,0,0,2
BRDA:9,0,1,0
BRDA:9,1,0,2
BRDA:9,1,1,2
BRDA:11,2,0,0
BRDA:11,2,1,0
BRDA:15,3,0,2
BRDA:15,3,1,2
BRF:8
BRH:5
end_of_record
TN:
SF:src\utils\schemas.js
FNF:0
FNH:0
DA:3,1
DA:14,1
DA:25,1
DA:30,1
DA:42,1
DA:54,1
LF:6
LH:6
BRF:0
BRH:0
end_of_record
